<?xml version="1.0" encoding="UTF-8"?>
<!-- Generated by org.testng.reporters.JUnitReportReporter -->
<testsuite hostname="LAPTOP-IAPIA2B1" name="selenium_pratice.Test2.footercount" tests="1" failures="0" timestamp="15 Feb 2023 06:15:05 GMT" time="2.271" errors="0">
  <testcase name="footer" time="2.271" classname="selenium_pratice.Test2.footercount"/>
</testsuite> <!-- selenium_pratice.Test2.footercount -->
