<?xml version="1.0" encoding="UTF-8"?>
<!-- Generated by org.testng.reporters.JUnitReportReporter -->
<testsuite hostname="LAPTOP-IAPIA2B1" name="selenium_pratice.Test2.testngclass1" tests="2" failures="0" timestamp="7 Feb 2023 17:30:10 GMT" time="0.074" errors="0">
  <testcase name="test1" time="0.000" classname="selenium_pratice.Test2.testngclass1"/>
  <testcase name="test2" time="0.074" classname="selenium_pratice.Test2.testngclass1"/>
</testsuite> <!-- selenium_pratice.Test2.testngclass1 -->
